<?xml version="1.0" encoding="UTF-8"?>
<testng-results ignored="0" total="4" passed="4" failed="0" skipped="0">
  <reporter-output>
  </reporter-output>
  <suite started-at="2023-06-09T11:25:40 IST" name="Default suite" finished-at="2023-06-09T11:25:45 IST" duration-ms="4452">
    <groups>
    </groups>
    <test started-at="2023-06-09T11:25:40 IST" name="Default test" finished-at="2023-06-09T11:25:45 IST" duration-ms="4452">
      <class name="framework.DataDrivenDemo">
        <test-method is-config="true" signature="openBrowser()[pri:0, instance:framework.DataDrivenDemo@32eff876]" started-at="2023-06-09T11:25:40 IST" name="openBrowser" finished-at="2023-06-09T11:25:43 IST" duration-ms="2953" status="PASS">
          <reporter-output>
          </reporter-output>
        </test-method> <!-- openBrowser -->
        <test-method signature="logintest(java.lang.String,java.lang.String)[pri:0, instance:framework.DataDrivenDemo@32eff876]" started-at="2023-06-09T11:25:44 IST" name="logintest" data-provider="dp" finished-at="2023-06-09T11:25:44 IST" duration-ms="185" status="PASS">
          <params>
            <param index="0">
              <value>
                <![CDATA[invalid]]>
              </value>
            </param>
            <param index="1">
              <value>
                <![CDATA[invalid]]>
              </value>
            </param>
          </params>
          <reporter-output>
          </reporter-output>
        </test-method> <!-- logintest -->
        <test-method signature="logintest(java.lang.String,java.lang.String)[pri:0, instance:framework.DataDrivenDemo@32eff876]" started-at="2023-06-09T11:25:44 IST" name="logintest" data-provider="dp" finished-at="2023-06-09T11:25:44 IST" duration-ms="155" status="PASS">
          <params>
            <param index="0">
              <value>
                <![CDATA[valid]]>
              </value>
            </param>
            <param index="1">
              <value>
                <![CDATA[invalid]]>
              </value>
            </param>
          </params>
          <reporter-output>
          </reporter-output>
        </test-method> <!-- logintest -->
        <test-method signature="logintest(java.lang.String,java.lang.String)[pri:0, instance:framework.DataDrivenDemo@32eff876]" started-at="2023-06-09T11:25:44 IST" name="logintest" data-provider="dp" finished-at="2023-06-09T11:25:45 IST" duration-ms="155" status="PASS">
          <params>
            <param index="0">
              <value>
                <![CDATA[invalid]]>
              </value>
            </param>
            <param index="1">
              <value>
                <![CDATA[valid]]>
              </value>
            </param>
          </params>
          <reporter-output>
          </reporter-output>
        </test-method> <!-- logintest -->
        <test-method signature="logintest(java.lang.String,java.lang.String)[pri:0, instance:framework.DataDrivenDemo@32eff876]" started-at="2023-06-09T11:25:45 IST" name="logintest" data-provider="dp" finished-at="2023-06-09T11:25:45 IST" duration-ms="156" status="PASS">
          <params>
            <param index="0">
              <value>
                <![CDATA[valid]]>
              </value>
            </param>
            <param index="1">
              <value>
                <![CDATA[valid]]>
              </value>
            </param>
          </params>
          <reporter-output>
          </reporter-output>
        </test-method> <!-- logintest -->
      </class> <!-- framework.DataDrivenDemo -->
    </test> <!-- Default test -->
  </suite> <!-- Default suite -->
</testng-results>
