<?xml version="1.0" encoding="UTF-8"?>
<!-- Generated by org.testng.reporters.JUnitXMLReporter -->
<testsuite ignored="0" hostname="DESKTOP-S4VQME9" failures="0" tests="4" name="Default test" time="4.452" errors="0" timestamp="2023-06-09T11:25:45 IST">
  <testcase classname="framework.DataDrivenDemo" name="logintest" time="0.185"/>
  <testcase classname="framework.DataDrivenDemo" name="logintest" time="0.155"/>
  <testcase classname="framework.DataDrivenDemo" name="logintest" time="0.155"/>
  <testcase classname="framework.DataDrivenDemo" name="logintest" time="0.156"/>
</testsuite> <!-- Default test -->
