<?xml version="1.0" encoding="UTF-8"?>
<!-- Generated by org.testng.reporters.JUnitXMLReporter -->
<testsuite ignored="0" hostname="DESKTOP-S4VQME9" failures="0" tests="3" name="Default test" time="0.043" errors="0" timestamp="2023-05-29T10:45:16 IST">
  <testcase classname="testNG.TestNg_Learning.Payment" name="COD" time="0.01"/>
  <testcase classname="testNG.TestNg_Learning.Payment" name="creditCard" time="0.001"/>
  <testcase classname="testNG.TestNg_Learning.Payment" name="debitCard" time="0.001"/>
</testsuite> <!-- Default test -->
