<?xml version="1.0" encoding="UTF-8"?>
<!-- Generated by org.testng.reporters.JUnitXMLReporter -->
<testsuite ignored="0" hostname="DESKTOP-S4VQME9" failures="0" tests="6" name="Test2" time="0.017" errors="0" timestamp="2023-05-29T10:49:46 IST">
  <testcase classname="testNG.TestNg_Learning.CartManage" name="addtocart" time="0.001"/>
  <testcase classname="testNG.TestNg_Learning.CartManage" name="editcart" time="0.001"/>
  <testcase classname="testNG.TestNg_Learning.CartManage" name="removefromCart" time="0.003"/>
  <testcase classname="testNG.TestNg_Learning.IndexPage" name="register" time="0.001"/>
  <testcase classname="testNG.TestNg_Learning.IndexPage" name="login" time="0.001"/>
  <testcase classname="testNG.TestNg_Learning.IndexPage" name="logout" time="0.001"/>
</testsuite> <!-- Test2 -->
