<?xml version="1.0" encoding="UTF-8"?>
<!-- Generated by org.testng.reporters.JUnitXMLReporter -->
<testsuite ignored="6" hostname="DESKTOP-S4VQME9" failures="0" tests="3" name="Test1" time="0.06" errors="0" timestamp="2023-05-31T10:37:52 IST">
  <testcase classname="testNG.TestNg_Learning.CartManage" name="addtocart" time="0.01"/>
  <testcase classname="testNG.TestNg_Learning.IndexPage" name="login" time="0.002"/>
  <testcase classname="testNG.TestNg_Learning.Payment" name="creditCard" time="0.005"/>
  <testcase classname="testNG.TestNg_Learning.IndexPage" name="register" time="0.0">
    <ignored/>
  </testcase> <!-- register -->
  <testcase classname="testNG.TestNg_Learning.IndexPage" name="logout" time="0.0">
    <ignored/>
  </testcase> <!-- logout -->
  <testcase classname="testNG.TestNg_Learning.Payment" name="debitCard" time="0.0">
    <ignored/>
  </testcase> <!-- debitCard -->
  <testcase classname="testNG.TestNg_Learning.Payment" name="COD" time="0.0">
    <ignored/>
  </testcase> <!-- COD -->
  <testcase classname="testNG.TestNg_Learning.CartManage" name="removefromCart" time="0.0">
    <ignored/>
  </testcase> <!-- removefromCart -->
  <testcase classname="testNG.TestNg_Learning.CartManage" name="editcart" time="0.0">
    <ignored/>
  </testcase> <!-- editcart -->
</testsuite> <!-- Test1 -->
